<?xml version="1.0" encoding="UTF-8"?>
<!-- Generated by org.testng.reporters.JUnitXMLReporter -->
<testsuite ignored="0" hostname="INN14U-HL649" failures="0" tests="1" name="menu" time="102.652" errors="0" timestamp="2021-11-18T18:47:48 IST">
  <testcase classname="test.Testingbaba_menu_test" name="@BeforeTest launchtestingbaba" time="102.645">
    <failure type="java.lang.NullPointerException" message="Cannot invoke &amp;quot;org.openqa.selenium.WebElement.click()&amp;quot; because &amp;quot;this.closebtn&amp;quot; is null">
      <![CDATA[java.lang.NullPointerException: Cannot invoke "org.openqa.selenium.WebElement.click()" because "this.closebtn" is null
at pages.Testingbaba_menu_page.closebtn(Testingbaba_menu_page.java:34)
at test.Testingbaba_menu_test.launchtestingbaba(Testingbaba_menu_test.java:28)
... Removed 24 stack frames]]>
    </failure>
  </testcase> <!-- @BeforeTest launchtestingbaba -->
  <testcase classname="baselibrary.Baselibrary" name="@AfterTest Teardown" time="-1.637241468615E9">
    <skipped/>
  </testcase> <!-- @AfterTest Teardown -->
  <testcase classname="test.Testingbaba_menu_test" name="gettitle" time="0.0">
    <skipped/>
  </testcase> <!-- gettitle -->
</testsuite> <!-- menu -->
