<?xml version="1.0" encoding="UTF-8"?>
<testng-results ignored="0" total="3" passed="2" failed="1" skipped="0">
  <reporter-output>
  </reporter-output>
  <suite started-at="2022-01-22T13:02:28 IST" name="Default suite" finished-at="2022-01-22T13:02:52 IST" duration-ms="24924">
    <groups>
    </groups>
    <test started-at="2022-01-22T13:02:28 IST" name="Default test" finished-at="2022-01-22T13:02:52 IST" duration-ms="24924">
      <class name="test.Testingbaba_checkbox_test">
        <test-method is-config="true" signature="launchtestingbaba()[pri:0, instance:test.Testingbaba_checkbox_test@d29f28]" started-at="2022-01-22T13:02:28 IST" name="launchtestingbaba" finished-at="2022-01-22T13:02:51 IST" duration-ms="23141" status="PASS">
          <reporter-output>
          </reporter-output>
        </test-method> <!-- launchtestingbaba -->
        <test-method signature="elements()[pri:1, instance:test.Testingbaba_checkbox_test@d29f28]" started-at="2022-01-22T13:02:51 IST" name="elements" finished-at="2022-01-22T13:02:51 IST" duration-ms="87" status="PASS">
          <reporter-output>
          </reporter-output>
        </test-method> <!-- elements -->
        <test-method signature="checkbox()[pri:2, instance:test.Testingbaba_checkbox_test@d29f28]" started-at="2022-01-22T13:02:51 IST" name="checkbox" finished-at="2022-01-22T13:02:51 IST" duration-ms="119" status="PASS">
          <reporter-output>
          </reporter-output>
        </test-method> <!-- checkbox -->
        <test-method signature="mobilecheckbox()[pri:3, instance:test.Testingbaba_checkbox_test@d29f28]" started-at="2022-01-22T13:02:51 IST" name="mobilecheckbox" finished-at="2022-01-22T13:02:52 IST" duration-ms="1482" status="FAIL">
          <exception class="java.lang.AssertionError">
            <message>
              <![CDATA[The following asserts failed:
expected [Your are selected Mobile] but found [You are selected Mobile],
expected [Your are Selected Laptop] but found [You are Selected Laptop]]]>
            </message>
            <full-stacktrace>
              <![CDATA[java.lang.AssertionError: The following asserts failed:
expected [Your are selected Mobile] but found [You are selected Mobile],
expected [Your are Selected Laptop] but found [You are Selected Laptop]
at org.testng.asserts.SoftAssert.assertAll(SoftAssert.java:47)
at org.testng.asserts.SoftAssert.assertAll(SoftAssert.java:31)
at pages.Testingbaba_checkbox_page.mobilecheckbox(Testingbaba_checkbox_page.java:85)
at test.Testingbaba_checkbox_test.mobilecheckbox(Testingbaba_checkbox_test.java:45)
at java.base/jdk.internal.reflect.NativeMethodAccessorImpl.invoke0(Native Method)
at java.base/jdk.internal.reflect.NativeMethodAccessorImpl.invoke(NativeMethodAccessorImpl.java:78)
at java.base/jdk.internal.reflect.DelegatingMethodAccessorImpl.invoke(DelegatingMethodAccessorImpl.java:43)
at java.base/java.lang.reflect.Method.invoke(Method.java:567)
at org.testng.internal.MethodInvocationHelper.invokeMethod(MethodInvocationHelper.java:133)
at org.testng.internal.TestInvoker.invokeMethod(TestInvoker.java:598)
at org.testng.internal.TestInvoker.invokeTestMethod(TestInvoker.java:173)
at org.testng.internal.MethodRunner.runInSequence(MethodRunner.java:46)
at org.testng.internal.TestInvoker$MethodInvocationAgent.invoke(TestInvoker.java:824)
at org.testng.internal.TestInvoker.invokeTestMethods(TestInvoker.java:146)
at org.testng.internal.TestMethodWorker.invokeTestMethods(TestMethodWorker.java:146)
at org.testng.internal.TestMethodWorker.run(TestMethodWorker.java:128)
at java.base/java.util.ArrayList.forEach(ArrayList.java:1511)
at org.testng.TestRunner.privateRun(TestRunner.java:794)
at org.testng.TestRunner.run(TestRunner.java:596)
at org.testng.SuiteRunner.runTest(SuiteRunner.java:377)
at org.testng.SuiteRunner.runSequentially(SuiteRunner.java:371)
at org.testng.SuiteRunner.privateRun(SuiteRunner.java:332)
at org.testng.SuiteRunner.run(SuiteRunner.java:276)
at org.testng.SuiteRunnerWorker.runSuite(SuiteRunnerWorker.java:53)
at org.testng.SuiteRunnerWorker.run(SuiteRunnerWorker.java:96)
at org.testng.TestNG.runSuitesSequentially(TestNG.java:1212)
at org.testng.TestNG.runSuitesLocally(TestNG.java:1134)
at org.testng.TestNG.runSuites(TestNG.java:1063)
at org.testng.TestNG.run(TestNG.java:1031)
at org.testng.remote.AbstractRemoteTestNG.run(AbstractRemoteTestNG.java:115)
at org.testng.remote.RemoteTestNG.initAndRun(RemoteTestNG.java:251)
at org.testng.remote.RemoteTestNG.main(RemoteTestNG.java:77)
]]>
            </full-stacktrace>
          </exception> <!-- java.lang.AssertionError -->
          <reporter-output>
          </reporter-output>
        </test-method> <!-- mobilecheckbox -->
        <test-method is-config="true" signature="Teardown()[pri:0, instance:test.Testingbaba_checkbox_test@d29f28]" started-at="2022-01-22T13:02:52 IST" name="Teardown" finished-at="2022-01-22T13:02:52 IST" duration-ms="0" status="PASS">
          <reporter-output>
          </reporter-output>
        </test-method> <!-- Teardown -->
      </class> <!-- test.Testingbaba_checkbox_test -->
    </test> <!-- Default test -->
  </suite> <!-- Default suite -->
</testng-results>
