<?xml version="1.0" encoding="UTF-8"?>
<!-- Generated by org.testng.reporters.JUnitReportReporter -->
<testsuite hostname="INN14U-HL649" failures="0" tests="3" name="test.Testingbaba_checkradio_test" time="1.601" errors="0" timestamp="2021-10-28T20:43:15 IST" skipped="0">
  <testcase classname="test.Testingbaba_checkradio_test" name="elements" time="0.077"/>
  <system-out/>
  <testcase classname="test.Testingbaba_checkradio_test" name="checkbox" time="0.094"/>
  <system-out/>
  <testcase classname="test.Testingbaba_checkradio_test" name="mobilecheckbox" time="1.430"/>
  <system-out/>
</testsuite> <!-- test.Testingbaba_checkradio_test -->
