<?xml version="1.0" encoding="UTF-8"?>
<!-- Generated by org.testng.reporters.JUnitReportReporter -->
<testsuite hostname="INN14U-HL649" failures="0" tests="2" name="test.Testingbaba_mousehover_test" time="4.556" errors="0" timestamp="2021-12-10T22:14:06 IST" skipped="0">
  <testcase classname="test.Testingbaba_mousehover_test" name="click" time="0.093"/>
  <system-out/>
  <testcase classname="test.Testingbaba_mousehover_test" name="mouse" time="4.463"/>
  <system-out/>
</testsuite> <!-- test.Testingbaba_mousehover_test -->
