<?xml version="1.0" encoding="UTF-8"?>
<!-- Generated by org.testng.reporters.JUnitReportReporter -->
<testsuite hostname="INN14U-HL649" failures="0" tests="2" name="test.Testingbaba_upload_test" time="5.908" errors="0" timestamp="2021-12-08T22:33:47 IST" skipped="0">
  <testcase classname="test.Testingbaba_upload_test" name="uploadfile" time="5.781"/>
  <system-out/>
  <testcase classname="test.Testingbaba_upload_test" name="getweb" time="0.127"/>
  <system-out/>
</testsuite> <!-- test.Testingbaba_upload_test -->
