<?xml version="1.0" encoding="UTF-8"?>
<!-- Generated by org.testng.reporters.JUnitReportReporter -->
<testsuite hostname="INN14U-HL649" failures="0" tests="5" name="test.TestingbabaAlerts_Frame_test" time="5.892" errors="0" timestamp="2021-12-10T21:12:55 IST" skipped="0">
  <testcase classname="test.TestingbabaAlerts_Frame_test" name="getalerts" time="0.205"/>
  <system-out/>
  <testcase classname="test.TestingbabaAlerts_Frame_test" name="getclick" time="0.156"/>
  <system-out/>
  <testcase classname="test.TestingbabaAlerts_Frame_test" name="getclick2" time="5.285"/>
  <system-out/>
  <testcase classname="test.TestingbabaAlerts_Frame_test" name="getclick3" time="0.113"/>
  <system-out/>
  <testcase classname="test.TestingbabaAlerts_Frame_test" name="getclick4" time="0.133"/>
  <system-out/>
</testsuite> <!-- test.TestingbabaAlerts_Frame_test -->
